This is pdfTeX, Version 3.1415926-2.4-1.40.13 (TeX Live 2012) (format=latex 2012.6.30)  16 MAR 2015 10:17
entering extended mode
 restricted \write18 enabled.
 %&-line parsing enabled.
**cvpr04-02.tex
(./cvpr04-02.tex
LaTeX2e <2011/06/27>
Babel <v3.8m> and hyphenation patterns for english, dumylang, nohyphenation, ge
rman-x-2012-05-30, ngerman-x-2012-05-30, afrikaans, ancientgreek, ibycus, arabi
c, armenian, basque, bulgarian, catalan, pinyin, coptic, croatian, czech, danis
h, dutch, ukenglish, usenglishmax, esperanto, estonian, ethiopic, farsi, finnis
h, french, friulan, galician, german, ngerman, swissgerman, monogreek, greek, h
ungarian, icelandic, assamese, bengali, gujarati, hindi, kannada, malayalam, ma
rathi, oriya, panjabi, tamil, telugu, indonesian, interlingua, irish, italian, 
kurmanji, latin, latvian, lithuanian, mongolian, mongolianlmc, bokmal, nynorsk,
 polish, portuguese, romanian, romansh, russian, sanskrit, serbian, serbianc, s
lovak, slovenian, spanish, swedish, turkish, turkmen, ukrainian, uppersorbian, 
welsh, loaded.
(./ieee.cls
Document Class: ieee 2002/04/16 LaTeX2e class file `ieee' v1.0 for IEEE Confere
nce Proceedings
(/usr/local/texlive/2012/texmf-dist/tex/latex/base/article.cls
Document Class: article 2007/10/19 v1.4h Standard LaTeX document class
(/usr/local/texlive/2012/texmf-dist/tex/latex/base/size10.clo
File: size10.clo 2007/10/19 v1.4h Standard LaTeX file (size option)
)
\c@part=\count79
\c@section=\count80
\c@subsection=\count81
\c@subsubsection=\count82
\c@paragraph=\count83
\c@subparagraph=\count84
\c@figure=\count85
\c@table=\count86
\abovecaptionskip=\skip41
\belowcaptionskip=\skip42
\bibindent=\dimen102
) (./ieee.clo
File: ieee.clo 2002/04/16 v1.0 IEEE Document Class Options
)
(/usr/local/texlive/2012/texmf-dist/tex/latex/float/float.sty
Package: float 2001/11/08 v1.3d Float enhancements (AL)
\c@float@type=\count87
\float@exts=\toks14
\float@box=\box26
\@float@everytoks=\toks15
\@floatcapt=\box27
) (./floatsty.sty
Package: floatsty 2002/04/15 v0.1 Float styles (GNP)
\@fs@ieee@ctmp=\skip43
\@fs@ieee@figindent=\skip44
)
\@float@every@figure=\toks16
\@float@every@table=\toks17
) (/usr/local/texlive/2012/texmf-dist/tex/latex/psnfss/times.sty
Package: times 2005/04/12 PSNFSS-v9.2a (SPQR) 
)
(/usr/local/texlive/2012/texmf-dist/tex/latex/amsfonts/amssymb.sty
Package: amssymb 2009/06/22 v3.00

(/usr/local/texlive/2012/texmf-dist/tex/latex/amsfonts/amsfonts.sty
Package: amsfonts 2009/06/22 v3.00 Basic AMSFonts support
\@emptytoks=\toks18
\symAMSa=\mathgroup4
\symAMSb=\mathgroup5
LaTeX Font Info:    Overwriting math alphabet `\mathfrak' in version `bold'
(Font)                  U/euf/m/n --> U/euf/b/n on input line 96.
))
(/usr/local/texlive/2012/texmf-dist/tex/latex/graphics/epsfig.sty
Package: epsfig 1999/02/16 v1.7a (e)psfig emulation (SPQR)

(/usr/local/texlive/2012/texmf-dist/tex/latex/graphics/graphicx.sty
Package: graphicx 1999/02/16 v1.0f Enhanced LaTeX Graphics (DPC,SPQR)

(/usr/local/texlive/2012/texmf-dist/tex/latex/graphics/keyval.sty
Package: keyval 1999/03/16 v1.13 key=value parser (DPC)
\KV@toks@=\toks19
)
(/usr/local/texlive/2012/texmf-dist/tex/latex/graphics/graphics.sty
Package: graphics 2009/02/05 v1.0o Standard LaTeX Graphics (DPC,SPQR)

(/usr/local/texlive/2012/texmf-dist/tex/latex/graphics/trig.sty
Package: trig 1999/03/16 v1.09 sin cos tan (DPC)
)
(/usr/local/texlive/2012/texmf-dist/tex/latex/latexconfig/graphics.cfg
File: graphics.cfg 2010/04/23 v1.9 graphics configuration of TeX Live
)
Package graphics Info: Driver file: dvips.def on input line 91.

(/usr/local/texlive/2012/texmf-dist/tex/latex/graphics/dvips.def
File: dvips.def 1999/02/16 v3.0i Driver-dependant file (DPC,SPQR)
))
\Gin@req@height=\dimen103
\Gin@req@width=\dimen104
)
\epsfxsize=\dimen105
\epsfysize=\dimen106
)
(./algorithm.sty
Package: algorithm 

Document Style `algorithm' - floating environment
(/usr/local/texlive/2012/texmf-dist/tex/latex/base/ifthen.sty
Package: ifthen 2001/05/26 v1.1c Standard LaTeX ifthen package (DPC)
)
\@float@every@algorithm=\toks20
\c@algorithm=\count88
)
(./algorithmic.sty
Package: algorithmic 

Document Style `algorithmic' - environment
(/usr/local/texlive/2012/texmf-dist/tex/latex/tools/calc.sty
Package: calc 2007/08/22 v4.3 Infix arithmetic (KKT,FJ)
\calc@Acount=\count89
\calc@Bcount=\count90
\calc@Adimen=\dimen107
\calc@Bdimen=\dimen108
\calc@Askip=\skip45
\calc@Bskip=\skip46
LaTeX Info: Redefining \setlength on input line 76.
LaTeX Info: Redefining \addtolength on input line 77.
\calc@Ccount=\count91
\calc@Cskip=\skip47
)
\c@AlgLnoNum=\count92
\c@AlgLnoRem=\count93
\ALC@tlm=\skip48
)
(/usr/local/texlive/2012/texmf-dist/tex/latex/subfigure/subfigure.sty
Package: subfigure 2002/03/15 v2.1.5 subfigure package
\subfigtopskip=\skip49
\subfigcapskip=\skip50
\subfigcaptopadj=\dimen109
\subfigbottomskip=\skip51
\subfigcapmargin=\dimen110
\subfiglabelskip=\skip52
\c@subfigure=\count94
\c@lofdepth=\count95
\c@subtable=\count96
\c@lotdepth=\count97

****************************************
* Local config file subfigure.cfg used *
****************************************
(/usr/local/texlive/2012/texmf-dist/tex/latex/subfigure/subfigure.cfg)
\subfig@top=\skip53
\subfig@bottom=\skip54
)
No file cvpr04-02.aux.
\openout1 = `cvpr04-02.aux'.

LaTeX Font Info:    Checking defaults for OML/cmm/m/it on input line 76.
LaTeX Font Info:    ... okay on input line 76.
LaTeX Font Info:    Checking defaults for T1/cmr/m/n on input line 76.
LaTeX Font Info:    ... okay on input line 76.
LaTeX Font Info:    Checking defaults for OT1/cmr/m/n on input line 76.
LaTeX Font Info:    ... okay on input line 76.
LaTeX Font Info:    Checking defaults for OMS/cmsy/m/n on input line 76.
LaTeX Font Info:    ... okay on input line 76.
LaTeX Font Info:    Checking defaults for OMX/cmex/m/n on input line 76.
LaTeX Font Info:    ... okay on input line 76.
LaTeX Font Info:    Checking defaults for U/cmr/m/n on input line 76.
LaTeX Font Info:    ... okay on input line 76.
LaTeX Font Info:    Try loading font information for OT1+ptm on input line 76.
(/usr/local/texlive/2012/texmf-dist/tex/latex/psnfss/ot1ptm.fd
File: ot1ptm.fd 2001/06/04 font definitions for OT1/ptm.
)
LaTeX Font Info:    Font shape `OT1/ptm/bx/n' in size <14.4> not available
(Font)              Font shape `OT1/ptm/b/n' tried instead on input line 123.
LaTeX Font Info:    Try loading font information for U+msa on input line 123.

(/usr/local/texlive/2012/texmf-dist/tex/latex/amsfonts/umsa.fd
File: umsa.fd 2009/06/22 v3.00 AMS symbols A
)
LaTeX Font Info:    Try loading font information for U+msb on input line 123.

(/usr/local/texlive/2012/texmf-dist/tex/latex/amsfonts/umsb.fd
File: umsb.fd 2009/06/22 v3.00 AMS symbols B
)
LaTeX Font Info:    Font shape `OT1/ptm/bx/n' in size <12> not available
(Font)              Font shape `OT1/ptm/b/n' tried instead on input line 127.
LaTeX Font Info:    Font shape `OT1/ptm/bx/n' in size <10> not available
(Font)              Font shape `OT1/ptm/b/n' tried instead on input line 152.


LaTeX Warning: Reference `fig:motivation' on page 1 undefined on input line 152
.


LaTeX Warning: Reference `fig:motivation' on page 1 undefined on input line 154
.


LaTeX Warning: File `clock-2.eps' not found on input line 165.


! LaTeX Error: File `clock-2.eps' not found.

See the LaTeX manual or LaTeX Companion for explanation.
Type  H <return>  for immediate help.
 ...                                              
                                                  
l.165         \end{tabular}}
                            
? 
! Interruption.
\GenericError  ...                                
                                                  \endgroup 
l.165         \end{tabular}}
                            
? q
OK, entering \batchmode...

! LaTeX Error: Cannot determine size of graphic in clock-2.eps (no BoundingBox)
.

See the LaTeX manual or LaTeX Companion for explanation.
Type  H <return>  for immediate help.
 ...                                              
                                                  
l.165         \end{tabular}}
                            
Try typing  <return>  to proceed.
If that doesn't work, type  X <return>  to quit.

File: clock-2.eps Graphic file (type eps)
 <clock-2.eps>

LaTeX Warning: File `clocks.eps' not found on input line 165.


! LaTeX Error: File `clocks.eps' not found.

See the LaTeX manual or LaTeX Companion for explanation.
Type  H <return>  for immediate help.
 ...                                              
                                                  
l.165         \end{tabular}}
                            
Try typing  <return>  to proceed.
If that doesn't work, type  X <return>  to quit.


! LaTeX Error: Cannot determine size of graphic in clocks.eps (no BoundingBox).


See the LaTeX manual or LaTeX Companion for explanation.
Type  H <return>  for immediate help.
 ...                                              
                                                  
l.165         \end{tabular}}
                            
Try typing  <return>  to proceed.
If that doesn't work, type  X <return>  to quit.

File: clocks.eps Graphic file (type eps)
 <clocks.eps>
LaTeX Font Info:    Try loading font information for OT1+phv on input line 170.


(/usr/local/texlive/2012/texmf-dist/tex/latex/psnfss/ot1phv.fd
File: ot1phv.fd 2001/06/04 scalable font definitions for OT1/phv.
)
LaTeX Font Info:    Font shape `OT1/phv/bx/n' in size <10> not available
(Font)              Font shape `OT1/phv/b/n' tried instead on input line 170.

LaTeX Warning: Citation `Cyr2001' on page 1 undefined on input line 187.


LaTeX Warning: Citation `KOE79' on page 1 undefined on input line 193.


LaTeX Warning: Citation `Bowyer90' on page 1 undefined on input line 199.


LaTeX Warning: Citation `EGG93' on page 1 undefined on input line 201.


LaTeX Warning: Citation `DIC89' on page 1 undefined on input line 202.


LaTeX Warning: Citation `WEI97' on page 1 undefined on input line 204.


LaTeX Warning: Citation `STE88' on page 1 undefined on input line 216.


LaTeX Warning: Citation `SHI93' on page 1 undefined on input line 216.


LaTeX Warning: Citation `EGG90' on page 1 undefined on input line 216.


LaTeX Warning: Reference `sec:quadratic' on page 1 undefined on input line 239.



Underfull \vbox (badness 1960) has occurred while \output is active []

 [1


]

LaTeX Warning: Citation `GW94' on page 2 undefined on input line 241.


LaTeX Warning: Citation `goemans97semidefinite' on page 2 undefined on input li
ne 244.


LaTeX Warning: Citation `mahajan99derandomizing' on page 2 undefined on input l
ine 245.


LaTeX Warning: Reference `sec:combine' on page 2 undefined on input line 252.


LaTeX Warning: Citation `nonlin-multiobj-opt' on page 2 undefined on input line
 254.


LaTeX Warning: Reference `sec:rounding' on page 2 undefined on input line 258.


LaTeX Warning: Citation `nonlin-multiobj-opt' on page 2 undefined on input line
 261.


LaTeX Warning: Reference `sec:exp' on page 2 undefined on input line 264.

LaTeX Font Info:    Font shape `OT1/ptm/bx/n' in size <10.95> not available
(Font)              Font shape `OT1/ptm/b/n' tried instead on input line 278.

Underfull \hbox (badness 1675) in paragraph at lines 306--310
[]\OT1/ptm/m/n/10 The \OT1/ptm/m/it/10 canon-i-cal set \OT1/ptm/m/n/10 for pat-
terns $\OMS/cmsy/m/n/10 P$ \OT1/ptm/m/n/10 (equiv-a-lently, its
 []


Underfull \hbox (badness 10000) in paragraph at lines 306--310

 []


Underfull \hbox (badness 10000) in paragraph at lines 311--318

 []

 [2]

LaTeX Warning: Reference `eq:eq1' on page 3 undefined on input line 381.


LaTeX Warning: Reference `eq:eq4' on page 3 undefined on input line 381.


LaTeX Warning: Reference `eq:eq5' on page 3 undefined on input line 381.


LaTeX Warning: Reference `sec:integer' on page 3 undefined on input line 397.


LaTeX Warning: Citation `Garey79' on page 3 undefined on input line 398.


LaTeX Warning: Reference `eq:eq5' on page 3 undefined on input line 405.


Underfull \hbox (badness 10000) in paragraph at lines 409--412
[]\OT1/ptm/m/n/10 First we in-tro-duce a \OT1/ptm/m/it/10 set in-di-ca-tor \OT1
/ptm/m/n/10 vari-able
 []


LaTeX Warning: Reference `eq:eq3' on page 3 undefined on input line 417.


LaTeX Warning: Reference `eq:eq1' on page 3 undefined on input line 427.


LaTeX Warning: Reference `eq:eq5' on page 3 undefined on input line 434.


LaTeX Warning: Reference `eq:eq8' on page 3 undefined on input line 434.


LaTeX Warning: Reference `eq:eq9' on page 3 undefined on input line 434.

 [3]

LaTeX Warning: Citation `vandenberghe96semidefinite' on page 4 undefined on inp
ut line 471.


LaTeX Warning: Citation `goemans97semidefinite' on page 4 undefined on input li
ne 471.


LaTeX Warning: Reference `eq:eq8' on page 4 undefined on input line 474.


LaTeX Warning: Reference `eq:eq10' on page 4 undefined on input line 494.


LaTeX Warning: Reference `eq:eq5' on page 4 undefined on input line 509.


LaTeX Warning: Reference `eq:eq9' on page 4 undefined on input line 528.


LaTeX Warning: Reference `eq:eq14' on page 4 undefined on input line 557.


LaTeX Warning: Reference `eq:eq15' on page 4 undefined on input line 557.


LaTeX Warning: Reference `eq:eq16' on page 4 undefined on input line 557.


LaTeX Warning: Citation `multicriteria-optimization' on page 4 undefined on inp
ut line 581.


LaTeX Warning: Citation `nonlin-multiobj-opt' on page 4 undefined on input line
 581.

 [4]

LaTeX Warning: Citation `multicriteria-optimization' on page 5 undefined on inp
ut line 596.


LaTeX Warning: Citation `nonlin-multiobj-opt' on page 5 undefined on input line
 609.


LaTeX Warning: Citation `ali-95' on page 5 undefined on input line 647.


LaTeX Warning: Citation `toh99sdpt' on page 5 undefined on input line 648.


LaTeX Warning: Citation `mahajan99derandomizing' on page 5 undefined on input l
ine 665.


LaTeX Warning: Citation `Golub96' on page 5 undefined on input line 670.


LaTeX Warning: Citation `VaziraniApproxAlg2003' on page 5 undefined on input li
ne 708.

 [5]

LaTeX Warning: Reference `alg:canset' on page 6 undefined on input line 725.


LaTeX Warning: Reference `sec:form' on page 6 undefined on input line 731.


LaTeX Warning: Reference `sec:quadratic' on page 6 undefined on input line 735.



LaTeX Warning: Reference `sec:combine' on page 6 undefined on input line 735.


LaTeX Warning: Citation `toh99sdpt' on page 6 undefined on input line 738.


LaTeX Warning: Reference `sec:rounding' on page 6 undefined on input line 743.


LaTeX Warning: Reference `alg:canset' on page 6 undefined on input line 749.


LaTeX Warning: Citation `ali-95' on page 6 undefined on input line 751.


LaTeX Warning: Reference `fig:db' on page 6 undefined on input line 769.


LaTeX Warning: File `db9c.eps' not found on input line 773.


! LaTeX Error: File `db9c.eps' not found.

See the LaTeX manual or LaTeX Companion for explanation.
Type  H <return>  for immediate help.
 ...                                              
                                                  
l.773         \epsffile{db9c.eps}
                                 
Try typing  <return>  to proceed.
If that doesn't work, type  X <return>  to quit.


! LaTeX Error: Cannot determine size of graphic in db9c.eps (no BoundingBox).

See the LaTeX manual or LaTeX Companion for explanation.
Type  H <return>  for immediate help.
 ...                                              
                                                  
l.773         \epsffile{db9c.eps}
                                 
Try typing  <return>  to proceed.
If that doesn't work, type  X <return>  to quit.

File: db9c.eps Graphic file (type eps)
 <db9c.eps>

LaTeX Warning: Citation `shokou_cvpr_2003' on page 6 undefined on input line 78
1.


LaTeX Warning: Citation `SID99' on page 6 undefined on input line 785.


LaTeX Warning: Citation `shokou_cvpr_2003' on page 6 undefined on input line 79
0.


LaTeX Warning: Reference `fig:medial-axis-tree' on page 6 undefined on input li
ne 793.


LaTeX Warning: File `teapot0015-skeleton.ps' not found on input line 802.


! LaTeX Error: File `teapot0015-skeleton.ps' not found.

See the LaTeX manual or LaTeX Companion for explanation.
Type  H <return>  for immediate help.
 ...                                              
                                                  
l.802         \end{tabular}}
                            
Try typing  <return>  to proceed.
If that doesn't work, type  X <return>  to quit.


! LaTeX Error: Cannot determine size of graphic in teapot0015-skeleton.ps (no B
oundingBox).

See the LaTeX manual or LaTeX Companion for explanation.
Type  H <return>  for immediate help.
 ...                                              
                                                  
l.802         \end{tabular}}
                            
Try typing  <return>  to proceed.
If that doesn't work, type  X <return>  to quit.

File: teapot0015-skeleton.ps Graphic file (type eps)
 <teapot0015-skeleton.ps>

LaTeX Warning: File `teapot0015-graph.ps' not found on input line 802.


! LaTeX Error: File `teapot0015-graph.ps' not found.

See the LaTeX manual or LaTeX Companion for explanation.
Type  H <return>  for immediate help.
 ...                                              
                                                  
l.802         \end{tabular}}
                            
Try typing  <return>  to proceed.
If that doesn't work, type  X <return>  to quit.


! LaTeX Error: Cannot determine size of graphic in teapot0015-graph.ps (no Boun
dingBox).

See the LaTeX manual or LaTeX Companion for explanation.
Type  H <return>  for immediate help.
 ...                                              
                                                  
l.802         \end{tabular}}
                            
Try typing  <return>  to proceed.
If that doesn't work, type  X <return>  to quit.

File: teapot0015-graph.ps Graphic file (type eps)
 <teapot0015-graph.ps>

LaTeX Warning: Reference `fig:mtm' on page 6 undefined on input line 813.


LaTeX Warning: Citation `shokou_cvpr_2003' on page 6 undefined on input line 81
4.


Underfull \hbox (badness 3302) in paragraph at lines 813--820
[]\OT1/ptm/m/n/10 Figure [] il-lus-trates the many-to-many cor-re-spon-
 []

 [6]

LaTeX Warning: File `corres.eps' not found on input line 826.


! LaTeX Error: File `corres.eps' not found.

See the LaTeX manual or LaTeX Companion for explanation.
Type  H <return>  for immediate help.
 ...                                              
                                                  
l.826         \end{tabular}}
                            
Try typing  <return>  to proceed.
If that doesn't work, type  X <return>  to quit.


! LaTeX Error: Cannot determine size of graphic in corres.eps (no BoundingBox).


See the LaTeX manual or LaTeX Companion for explanation.
Type  H <return>  for immediate help.
 ...                                              
                                                  
l.826         \end{tabular}}
                            
Try typing  <return>  to proceed.
If that doesn't work, type  X <return>  to quit.

File: corres.eps Graphic file (type eps)
 <corres.eps>

LaTeX Warning: Citation `shokou_cvpr_2003' on page 7 undefined on input line 83
6.


LaTeX Warning: Reference `sec:combine' on page 7 undefined on input line 845.


LaTeX Warning: Reference `alg:canset' on page 7 undefined on input line 874.


LaTeX Warning: Reference `fig:chart2' on page 7 undefined on input line 876.


LaTeX Warning: Reference `alg:canset' on page 7 undefined on input line 878.


LaTeX Warning: Reference `alg:canset' on page 7 undefined on input line 879.


LaTeX Warning: Reference `fig:cansets' on page 7 undefined on input line 880.


LaTeX Warning: File `chart2.eps' not found on input line 887.


! LaTeX Error: File `chart2.eps' not found.

See the LaTeX manual or LaTeX Companion for explanation.
Type  H <return>  for immediate help.
 ...                                              
                                                  
l.887 ...\epsfsize=0.8\hsize \epsffile{chart2.eps}
                                                  
Try typing  <return>  to proceed.
If that doesn't work, type  X <return>  to quit.


! LaTeX Error: Cannot determine size of graphic in chart2.eps (no BoundingBox).


See the LaTeX manual or LaTeX Companion for explanation.
Type  H <return>  for immediate help.
 ...                                              
                                                  
l.887 ...\epsfsize=0.8\hsize \epsffile{chart2.eps}
                                                  
Try typing  <return>  to proceed.
If that doesn't work, type  X <return>  to quit.

File: chart2.eps Graphic file (type eps)
 <chart2.eps>

LaTeX Warning: Reference `alg:canset' on page 7 undefined on input line 891.


LaTeX Warning: Reference `alg:canset' on page 7 undefined on input line 891.


LaTeX Warning: File `blue_PORSHE_17.dist.imgs.eps' not found on input line 915.



! LaTeX Error: File `blue_PORSHE_17.dist.imgs.eps' not found.

See the LaTeX manual or LaTeX Companion for explanation.
Type  H <return>  for immediate help.
 ...                                              
                                                  
l.915         \end{tabular}}
                            
Try typing  <return>  to proceed.
If that doesn't work, type  X <return>  to quit.


! LaTeX Error: Cannot determine size of graphic in blue_PORSHE_17.dist.imgs.eps
 (no BoundingBox).

See the LaTeX manual or LaTeX Companion for explanation.
Type  H <return>  for immediate help.
 ...                                              
                                                  
l.915         \end{tabular}}
                            
Try typing  <return>  to proceed.
If that doesn't work, type  X <return>  to quit.

File: blue_PORSHE_17.dist.imgs.eps Graphic file (type eps)
 <blue_PORSHE_17.dist.imgs.eps>

LaTeX Warning: File `blue_TEAPOT_18.dist.imgs.eps' not found on input line 915.



! LaTeX Error: File `blue_TEAPOT_18.dist.imgs.eps' not found.

See the LaTeX manual or LaTeX Companion for explanation.
Type  H <return>  for immediate help.
 ...                                              
                                                  
l.915         \end{tabular}}
                            
Try typing  <return>  to proceed.
If that doesn't work, type  X <return>  to quit.


! LaTeX Error: Cannot determine size of graphic in blue_TEAPOT_18.dist.imgs.eps
 (no BoundingBox).

See the LaTeX manual or LaTeX Companion for explanation.
Type  H <return>  for immediate help.
 ...                                              
                                                  
l.915         \end{tabular}}
                            
Try typing  <return>  to proceed.
If that doesn't work, type  X <return>  to quit.

File: blue_TEAPOT_18.dist.imgs.eps Graphic file (type eps)
 <blue_TEAPOT_18.dist.imgs.eps>

LaTeX Warning: File `blue_CUP_18.dist.imgs.eps' not found on input line 915.


! LaTeX Error: File `blue_CUP_18.dist.imgs.eps' not found.

See the LaTeX manual or LaTeX Companion for explanation.
Type  H <return>  for immediate help.
 ...                                              
                                                  
l.915         \end{tabular}}
                            
Try typing  <return>  to proceed.
If that doesn't work, type  X <return>  to quit.


! LaTeX Error: Cannot determine size of graphic in blue_CUP_18.dist.imgs.eps (n
o BoundingBox).

See the LaTeX manual or LaTeX Companion for explanation.
Type  H <return>  for immediate help.
 ...                                              
                                                  
l.915         \end{tabular}}
                            
Try typing  <return>  to proceed.
If that doesn't work, type  X <return>  to quit.

File: blue_CUP_18.dist.imgs.eps Graphic file (type eps)
 <blue_CUP_18.dist.imgs.eps>

LaTeX Warning: File `blue_CHAIR_18.dist.imgs.eps' not found on input line 915.


! LaTeX Error: File `blue_CHAIR_18.dist.imgs.eps' not found.

See the LaTeX manual or LaTeX Companion for explanation.
Type  H <return>  for immediate help.
 ...                                              
                                                  
l.915         \end{tabular}}
                            
Try typing  <return>  to proceed.
If that doesn't work, type  X <return>  to quit.


! LaTeX Error: Cannot determine size of graphic in blue_CHAIR_18.dist.imgs.eps 
(no BoundingBox).

See the LaTeX manual or LaTeX Companion for explanation.
Type  H <return>  for immediate help.
 ...                                              
                                                  
l.915         \end{tabular}}
                            
Try typing  <return>  to proceed.
If that doesn't work, type  X <return>  to quit.

File: blue_CHAIR_18.dist.imgs.eps Graphic file (type eps)
 <blue_CHAIR_18.dist.imgs.eps>

LaTeX Warning: Float too large for page by 173.9653pt on input line 918.


LaTeX Warning: Reference `fig:cansets' on page 7 undefined on input line 920.

 [7]
Underfull \hbox (badness 1117) in paragraph at lines 976--983
[]\OT1/ptm/m/n/10 In ad-di-tion to these sig-nif-i-cant ar-eas of fur-ther re-
 []


Underfull \hbox (badness 2158) in paragraph at lines 976--983
\OT1/ptm/m/n/10 search, sev-eral ques-tions about canon-i-cal sets re-main
 []

No file cvpr04-02.bbl.
 [8] (./cvpr04-02.aux)

LaTeX Warning: There were undefined references.


LaTeX Warning: Label(s) may have changed. Rerun to get cross-references right.

 ) 
Here is how much of TeX's memory you used:
 1585 strings out of 493489
 19563 string characters out of 3141349
 80082 words of memory out of 3000000
 4867 multiletter control sequences out of 15000+200000
 17858 words of font info for 56 fonts, out of 3000000 for 9000
 957 hyphenation exceptions out of 8191
 32i,9n,24p,401b,336s stack positions out of 5000i,500n,10000p,200000b,50000s

Output written on cvpr04-02.dvi (8 pages, 52164 bytes).
